build/app/outputs/mapping/release/usage.txt
com.example.blink.R$color
com.example.blink.BuildConfig
com.example.blink.R$style
com.example.blink.R$layout
com.example.blink.R$id
com.example.blink.R$dimen
com.example.blink.R
com.example.blink.R$attr
com.example.blink.R$string
com.example.blink.R$styleable
com.example.blink.R$drawable
com.example.blink.R$mipmap
com.example.blink.R$integer
...
androidx.core.app.NotificationCompat$MessagingStyle$Message
kotlin.comparisons.ComparisonsKt__ComparisonsKt
kotlin.PublishedApi
androidx.loader.content.ModernAsyncTask$1
androidx.core.widget.TextViewCompat$AutoSizeTextType
androidx.annotation.NavigationRes
androidx.core.view.accessibility.AccessibilityNodeInfoCompat
androidx.savedstate.SavedStateRegistry$1:
    void <init>(androidx.savedstate.SavedStateRegistry)
kotlin.time.ClockKt
io.flutter.app.FlutterPluginRegistry$FlutterRegistrar
kotlin.text.DelimitedRangesSequence$iterator$1
kotlin.collections.BooleanIterator
kotlin.UseExperimental
androidx.core.internal.view.SupportMenu
kotlin.coroutines.jvm.internal.ModuleNameRetriever
io.flutter.plugin.editing.InputConnectionAdaptor:
    private static int clampIndexToEditable(int,android.text.Editable)
    private static final java.lang.String TAG
kotlin.io.ConsoleKt$decoder$2
androidx.core.view.WindowInsetsCompat
kotlin.ExtensionFunctionType
kotlin.Pair
androidx.core.view.LayoutInflaterFactory
androidx.core.text.TextDirectionHeuristicsCompat$TextDirectionAlgorithm
io.flutter.FlutterInjector$Builder:
    public io.flutter.FlutterInjector$Builder setFlutterLoader(io.flutter.embedding.engine.loader.FlutterLoader)
    public io.flutter.FlutterInjector$Builder setDeferredComponentManager(io.flutter.embedding.engine.deferredcomponents.DeferredComponentManager)
androidx.fragment.app.Fragment$InstantiationException
kotlin.sequences.FlatteningSequence$iterator$1
kotlin.collections.ArraysKt___ArraysJvmKt$asList$3
io.flutter.plugin.platform.PlatformViewsController:
    private static final java.lang.String TAG
kotlin.sequences.TransformingSequence$iterator$1
kotlin.text.StringsKt__IndentKt$prependIndent$1
kotlin.NumbersKt__BigIntegersKt
kotlin.comparisons.ComparisonsKt__ComparisonsKt$thenBy$1
kotlin.time.DurationUnitKt$WhenMappings
androidx.core.R$drawable
androidx.core.text.BidiFormatter
androidx.core.view.inputmethod.InputConnectionCompat$1
androidx.loader.content.AsyncTaskLoader
io.flutter.view.FlutterView$SurfaceTextureRegistryEntry$1
kotlin.SuspendKt
androidx.core.view.InputDeviceCompat
androidx.viewpager.widget.ViewPager$SimpleOnPageChangeListener
kotlin.jvm.functions.Function9
androidx.core.provider.FontRequest
androidx.fragment.app.FragmentTabHost$DummyTabFactory
kotlin.collections.ArraysKt___ArraysKt$withIndex$9
androidx.fragment.R$id
kotlin.coroutines.CombinedContext$toString$1
androidx.core.graphics.TypefaceCompatApi28Impl
kotlin.coroutines.Continuation
androidx.activity.R$string
kotlin.system.TimingKt
androidx.lifecycle.SingleGeneratedAdapterObserver:
    void <init>(androidx.lifecycle.GeneratedAdapter)
kotlin.math.MathKt
androidx.core.view.OnApplyWindowInsetsListener
androidx.core.content.pm.PermissionInfoCompat$ProtectionFlags
kotlin.jvm.internal.ArrayCharIterator
androidx.loader.app.LoaderManagerImpl$LoaderInfo
androidx.core.provider.FontsContractCompat$FontRequestCallback$FontRequestFailReason
kotlin.sequences.SequencesKt__SequencesKt$generateSequence$1
androidx.lifecycle.ComputableLiveData$1
androidx.core.util.LogWriter
kotlin.text.SystemProperties
kotlin.internal.LowPriorityInOverloadResolution
kotlin.ExceptionsKt
kotlin.coroutines.CoroutineContext$plus$1
androidx.fragment.app.FragmentManagerImpl$StartEnterTransitionListener
androidx.core.app.NotificationCompat$Builder
androidx.core.net.ConnectivityManagerCompat$RestrictBackgroundStatus
io.flutter.plugin.platform.PlatformPlugin:
    public void <init>(android.app.Activity,io.flutter.embedding.engine.systemchannels.PlatformChannel)
    public static final int DEFAULT_SYSTEM_UI
    private static final java.lang.String TAG
kotlin.collections.AbstractList$ListIteratorImpl
kotlin.time.DurationUnitKt
kotlin.text.MatchResult$DefaultImpls
androidx.core.graphics.TypefaceCompatApi21Impl
androidx.lifecycle.LiveData$1
androidx.versionedparcelable.VersionedParcelize
androidx.fragment.app.FragmentTransitionCompat21$3
kotlin.ranges.ClosedRange
androidx.lifecycle.DefaultLifecycleObserver